<?xml version="1.0" encoding="UTF-8"?>
<!-- Generated by org.testng.reporters.JUnitReportReporter -->
<testsuite hostname="DESKTOP-1J2CI49" failures="0" tests="3" name="runners.TestRunner" time="2.360" errors="0" timestamp="2025-07-03T18:44:32 IST" skipped="0">
  <testcase classname="runners.TestRunner" name="runScenario" time="0.244"/>
  <testcase classname="runners.TestRunner" name="runScenario" time="1.878"/>
  <testcase classname="runners.TestRunner" name="runScenario" time="0.238"/>
</testsuite> <!-- runners.TestRunner -->
