<?xml version="1.0" encoding="UTF-8"?>
<testsuite xmlns:xsi="http://www.w3.org/2001/XMLSchema-instance" xsi:noNamespaceSchemaLocation="https://maven.apache.org/surefire/maven-surefire-plugin/xsd/surefire-test-report-3.0.xsd" version="3.0" name="runners.TestRunner" time="3.149" tests="3" errors="0" skipped="0" failures="0">
  <properties>
    <property name="java.specification.version" value="21"/>
    <property name="sun.cpu.isalist" value="amd64"/>
    <property name="sun.jnu.encoding" value="Cp1252"/>
    <property name="java.class.path" value="C:\Users\CRTLAP360\Downloads\api-cucumber-restassured-master\api-cucumber-restassured-master\target\test-classes;C:\Users\CRTLAP360\Downloads\api-cucumber-restassured-master\api-cucumber-restassured-master\target\classes;C:\Users\CRTLAP360\.m2\repository\io\cucumber\cucumber-java\7.14.0\cucumber-java-7.14.0.jar;C:\Users\CRTLAP360\.m2\repository\io\cucumber\cucumber-core\7.14.0\cucumber-core-7.14.0.jar;C:\Users\CRTLAP360\.m2\repository\io\cucumber\cucumber-gherkin\7.14.0\cucumber-gherkin-7.14.0.jar;C:\Users\CRTLAP360\.m2\repository\io\cucumber\cucumber-gherkin-messages\7.14.0\cucumber-gherkin-messages-7.14.0.jar;C:\Users\CRTLAP360\.m2\repository\io\cucumber\gherkin\26.2.0\gherkin-26.2.0.jar;C:\Users\CRTLAP360\.m2\repository\io\cucumber\messages\22.0.0\messages-22.0.0.jar;C:\Users\CRTLAP360\.m2\repository\io\cucumber\tag-expressions\5.0.6\tag-expressions-5.0.6.jar;C:\Users\CRTLAP360\.m2\repository\io\cucumber\cucumber-expressions\16.1.2\cucumber-expressions-16.1.2.jar;C:\Users\CRTLAP360\.m2\repository\io\cucumber\datatable\7.14.0\datatable-7.14.0.jar;C:\Users\CRTLAP360\.m2\repository\io\cucumber\cucumber-plugin\7.14.0\cucumber-plugin-7.14.0.jar;C:\Users\CRTLAP360\.m2\repository\io\cucumber\docstring\7.14.0\docstring-7.14.0.jar;C:\Users\CRTLAP360\.m2\repository\io\cucumber\html-formatter\20.4.0\html-formatter-20.4.0.jar;C:\Users\CRTLAP360\.m2\repository\io\cucumber\junit-xml-formatter\0.2.0\junit-xml-formatter-0.2.0.jar;C:\Users\CRTLAP360\.m2\repository\io\cucumber\ci-environment\9.2.0\ci-environment-9.2.0.jar;C:\Users\CRTLAP360\.m2\repository\org\apiguardian\apiguardian-api\1.1.2\apiguardian-api-1.1.2.jar;C:\Users\CRTLAP360\.m2\repository\io\cucumber\cucumber-testng\7.14.0\cucumber-testng-7.14.0.jar;C:\Users\CRTLAP360\.m2\repository\io\rest-assured\rest-assured\5.4.0\rest-assured-5.4.0.jar;C:\Users\CRTLAP360\.m2\repository\org\apache\groovy\groovy\4.0.16\groovy-4.0.16.jar;C:\Users\CRTLAP360\.m2\repository\org\apache\groovy\groovy-xml\4.0.16\groovy-xml-4.0.16.jar;C:\Users\CRTLAP360\.m2\repository\org\apache\httpcomponents\httpclient\4.5.13\httpclient-4.5.13.jar;C:\Users\CRTLAP360\.m2\repository\org\apache\httpcomponents\httpcore\4.4.13\httpcore-4.4.13.jar;C:\Users\CRTLAP360\.m2\repository\commons-logging\commons-logging\1.2\commons-logging-1.2.jar;C:\Users\CRTLAP360\.m2\repository\commons-codec\commons-codec\1.11\commons-codec-1.11.jar;C:\Users\CRTLAP360\.m2\repository\org\apache\httpcomponents\httpmime\4.5.13\httpmime-4.5.13.jar;C:\Users\CRTLAP360\.m2\repository\org\hamcrest\hamcrest\2.2\hamcrest-2.2.jar;C:\Users\CRTLAP360\.m2\repository\org\ccil\cowan\tagsoup\tagsoup\1.2.1\tagsoup-1.2.1.jar;C:\Users\CRTLAP360\.m2\repository\io\rest-assured\json-path\5.4.0\json-path-5.4.0.jar;C:\Users\CRTLAP360\.m2\repository\org\apache\groovy\groovy-json\4.0.16\groovy-json-4.0.16.jar;C:\Users\CRTLAP360\.m2\repository\io\rest-assured\rest-assured-common\5.4.0\rest-assured-common-5.4.0.jar;C:\Users\CRTLAP360\.m2\repository\io\rest-assured\xml-path\5.4.0\xml-path-5.4.0.jar;C:\Users\CRTLAP360\.m2\repository\org\apache\commons\commons-lang3\3.11\commons-lang3-3.11.jar;C:\Users\CRTLAP360\.m2\repository\org\json\json\20230227\json-20230227.jar;C:\Users\CRTLAP360\.m2\repository\org\testng\testng\7.10.1\testng-7.10.1.jar;C:\Users\CRTLAP360\.m2\repository\org\slf4j\slf4j-api\1.7.36\slf4j-api-1.7.36.jar;C:\Users\CRTLAP360\.m2\repository\com\beust\jcommander\1.82\jcommander-1.82.jar;C:\Users\CRTLAP360\.m2\repository\org\webjars\jquery\3.7.1\jquery-3.7.1.jar;"/>
    <property name="java.vm.vendor" value="Eclipse Adoptium"/>
    <property name="sun.arch.data.model" value="64"/>
    <property name="user.variant" value=""/>
    <property name="java.vendor.url" value="https://adoptium.net/"/>
    <property name="user.timezone" value="Asia/Calcutta"/>
    <property name="os.name" value="Windows 11"/>
    <property name="java.vm.specification.version" value="21"/>
    <property name="sun.java.launcher" value="SUN_STANDARD"/>
    <property name="user.country" value="IN"/>
    <property name="sun.boot.library.path" value="C:\Users\CRTLAP360\.p2\pool\plugins\org.eclipse.justj.openjdk.hotspot.jre.full.win32.x86_64_21.0.7.v20250502-0916\jre\bin"/>
    <property name="sun.java.command" value="C:\Users\CRTLAP360\AppData\Local\Temp\surefire4344987801583543982\surefirebooter-20250703184428915_3.jar C:\Users\CRTLAP360\AppData\Local\Temp\surefire4344987801583543982 2025-07-03T18-44-28_815-jvmRun1 surefire-20250703184428915_1tmp surefire_0-20250703184428915_2tmp"/>
    <property name="jdk.debug" value="release"/>
    <property name="surefire.test.class.path" value="C:\Users\CRTLAP360\Downloads\api-cucumber-restassured-master\api-cucumber-restassured-master\target\test-classes;C:\Users\CRTLAP360\Downloads\api-cucumber-restassured-master\api-cucumber-restassured-master\target\classes;C:\Users\CRTLAP360\.m2\repository\io\cucumber\cucumber-java\7.14.0\cucumber-java-7.14.0.jar;C:\Users\CRTLAP360\.m2\repository\io\cucumber\cucumber-core\7.14.0\cucumber-core-7.14.0.jar;C:\Users\CRTLAP360\.m2\repository\io\cucumber\cucumber-gherkin\7.14.0\cucumber-gherkin-7.14.0.jar;C:\Users\CRTLAP360\.m2\repository\io\cucumber\cucumber-gherkin-messages\7.14.0\cucumber-gherkin-messages-7.14.0.jar;C:\Users\CRTLAP360\.m2\repository\io\cucumber\gherkin\26.2.0\gherkin-26.2.0.jar;C:\Users\CRTLAP360\.m2\repository\io\cucumber\messages\22.0.0\messages-22.0.0.jar;C:\Users\CRTLAP360\.m2\repository\io\cucumber\tag-expressions\5.0.6\tag-expressions-5.0.6.jar;C:\Users\CRTLAP360\.m2\repository\io\cucumber\cucumber-expressions\16.1.2\cucumber-expressions-16.1.2.jar;C:\Users\CRTLAP360\.m2\repository\io\cucumber\datatable\7.14.0\datatable-7.14.0.jar;C:\Users\CRTLAP360\.m2\repository\io\cucumber\cucumber-plugin\7.14.0\cucumber-plugin-7.14.0.jar;C:\Users\CRTLAP360\.m2\repository\io\cucumber\docstring\7.14.0\docstring-7.14.0.jar;C:\Users\CRTLAP360\.m2\repository\io\cucumber\html-formatter\20.4.0\html-formatter-20.4.0.jar;C:\Users\CRTLAP360\.m2\repository\io\cucumber\junit-xml-formatter\0.2.0\junit-xml-formatter-0.2.0.jar;C:\Users\CRTLAP360\.m2\repository\io\cucumber\ci-environment\9.2.0\ci-environment-9.2.0.jar;C:\Users\CRTLAP360\.m2\repository\org\apiguardian\apiguardian-api\1.1.2\apiguardian-api-1.1.2.jar;C:\Users\CRTLAP360\.m2\repository\io\cucumber\cucumber-testng\7.14.0\cucumber-testng-7.14.0.jar;C:\Users\CRTLAP360\.m2\repository\io\rest-assured\rest-assured\5.4.0\rest-assured-5.4.0.jar;C:\Users\CRTLAP360\.m2\repository\org\apache\groovy\groovy\4.0.16\groovy-4.0.16.jar;C:\Users\CRTLAP360\.m2\repository\org\apache\groovy\groovy-xml\4.0.16\groovy-xml-4.0.16.jar;C:\Users\CRTLAP360\.m2\repository\org\apache\httpcomponents\httpclient\4.5.13\httpclient-4.5.13.jar;C:\Users\CRTLAP360\.m2\repository\org\apache\httpcomponents\httpcore\4.4.13\httpcore-4.4.13.jar;C:\Users\CRTLAP360\.m2\repository\commons-logging\commons-logging\1.2\commons-logging-1.2.jar;C:\Users\CRTLAP360\.m2\repository\commons-codec\commons-codec\1.11\commons-codec-1.11.jar;C:\Users\CRTLAP360\.m2\repository\org\apache\httpcomponents\httpmime\4.5.13\httpmime-4.5.13.jar;C:\Users\CRTLAP360\.m2\repository\org\hamcrest\hamcrest\2.2\hamcrest-2.2.jar;C:\Users\CRTLAP360\.m2\repository\org\ccil\cowan\tagsoup\tagsoup\1.2.1\tagsoup-1.2.1.jar;C:\Users\CRTLAP360\.m2\repository\io\rest-assured\json-path\5.4.0\json-path-5.4.0.jar;C:\Users\CRTLAP360\.m2\repository\org\apache\groovy\groovy-json\4.0.16\groovy-json-4.0.16.jar;C:\Users\CRTLAP360\.m2\repository\io\rest-assured\rest-assured-common\5.4.0\rest-assured-common-5.4.0.jar;C:\Users\CRTLAP360\.m2\repository\io\rest-assured\xml-path\5.4.0\xml-path-5.4.0.jar;C:\Users\CRTLAP360\.m2\repository\org\apache\commons\commons-lang3\3.11\commons-lang3-3.11.jar;C:\Users\CRTLAP360\.m2\repository\org\json\json\20230227\json-20230227.jar;C:\Users\CRTLAP360\.m2\repository\org\testng\testng\7.10.1\testng-7.10.1.jar;C:\Users\CRTLAP360\.m2\repository\org\slf4j\slf4j-api\1.7.36\slf4j-api-1.7.36.jar;C:\Users\CRTLAP360\.m2\repository\com\beust\jcommander\1.82\jcommander-1.82.jar;C:\Users\CRTLAP360\.m2\repository\org\webjars\jquery\3.7.1\jquery-3.7.1.jar;"/>
    <property name="sun.cpu.endian" value="little"/>
    <property name="user.home" value="C:\Users\CRTLAP360"/>
    <property name="user.language" value="en"/>
    <property name="java.specification.vendor" value="Oracle Corporation"/>
    <property name="java.version.date" value="2025-04-15"/>
    <property name="java.home" value="C:\Users\CRTLAP360\.p2\pool\plugins\org.eclipse.justj.openjdk.hotspot.jre.full.win32.x86_64_21.0.7.v20250502-0916\jre"/>
    <property name="file.separator" value="\"/>
    <property name="basedir" value="C:\Users\CRTLAP360\Downloads\api-cucumber-restassured-master\api-cucumber-restassured-master"/>
    <property name="style.color" value="always"/>
    <property name="java.vm.compressedOopsMode" value="Zero based"/>
    <property name="line.separator" value="&#10;"/>
    <property name="java.vm.specification.vendor" value="Oracle Corporation"/>
    <property name="java.specification.name" value="Java Platform API Specification"/>
    <property name="surefire.real.class.path" value="C:\Users\CRTLAP360\AppData\Local\Temp\surefire4344987801583543982\surefirebooter-20250703184428915_3.jar"/>
    <property name="user.script" value=""/>
    <property name="sun.management.compiler" value="HotSpot 64-Bit Tiered Compilers"/>
    <property name="java.runtime.version" value="21.0.7+6-LTS"/>
    <property name="user.name" value="CRTLAP360"/>
    <property name="stdout.encoding" value="Cp1252"/>
    <property name="path.separator" value=";"/>
    <property name="os.version" value="10.0"/>
    <property name="java.runtime.name" value="OpenJDK Runtime Environment"/>
    <property name="file.encoding" value="UTF-8"/>
    <property name="java.vm.name" value="OpenJDK 64-Bit Server VM"/>
    <property name="java.vendor.version" value="Temurin-21.0.7+6"/>
    <property name="localRepository" value="C:\Users\CRTLAP360\.m2\repository"/>
    <property name="java.vendor.url.bug" value="https://github.com/adoptium/adoptium-support/issues"/>
    <property name="java.io.tmpdir" value="C:\Users\CRTLAP~1\AppData\Local\Temp\"/>
    <property name="java.version" value="21.0.7"/>
    <property name="user.dir" value="C:\Users\CRTLAP360\Downloads\api-cucumber-restassured-master\api-cucumber-restassured-master"/>
    <property name="os.arch" value="amd64"/>
    <property name="java.vm.specification.name" value="Java Virtual Machine Specification"/>
    <property name="sun.os.patch.level" value=""/>
    <property name="native.encoding" value="Cp1252"/>
    <property name="java.library.path" value="C:\Users\CRTLAP360\.p2\pool\plugins\org.eclipse.justj.openjdk.hotspot.jre.full.win32.x86_64_21.0.7.v20250502-0916\jre\bin;C:\Windows\Sun\Java\bin;C:\Windows\system32;C:\Windows;C:/Users/CRTLAP360/.p2/pool/plugins/org.eclipse.justj.openjdk.hotspot.jre.full.win32.x86_64_21.0.7.v20250502-0916/jre/bin/server;C:/Users/CRTLAP360/.p2/pool/plugins/org.eclipse.justj.openjdk.hotspot.jre.full.win32.x86_64_21.0.7.v20250502-0916/jre/bin;C:\Program Files\Common Files\Oracle\Java\javapath;C:\Windows\system32;C:\Windows;C:\Windows\System32\Wbem;C:\Windows\System32\WindowsPowerShell\v1.0\;C:\Windows\System32\OpenSSH\;C:\Program Files\Git\cmd;C:\Users\CRTLAP360\AppData\Local\Microsoft\WindowsApps;C:\Users\CRTLAP360\AppData\Local\Programs\cursor\resources\app\bin;C:\Users\CRTLAP360\Desktop;;."/>
    <property name="java.vm.info" value="mixed mode, sharing"/>
    <property name="stderr.encoding" value="Cp1252"/>
    <property name="java.vendor" value="Eclipse Adoptium"/>
    <property name="java.vm.version" value="21.0.7+6-LTS"/>
    <property name="sun.io.unicode.encoding" value="UnicodeLittle"/>
    <property name="java.class.version" value="65.0"/>
  </properties>
  <testcase name="runScenario[&quot;Valid login with correct credentials&quot;, &quot;Login API Scenarios&quot;](1)" classname="runners.TestRunner" time="1.878">
    <system-out><![CDATA[
Scenario: Valid login with correct credentials                              # src/test/resources/features/api_test.feature:3
  Given I set the login API endpoint                                        # stepDefinitions.Login_test_api.i_set_the_login_api_endpoint()
  And I set request body with mobile "00959751346816" and password "123456" # stepDefinitions.Login_test_api.i_set_request_body(java.lang.String,java.lang.String)
Response:
{"Code":200,"Data":"{\"ResultCode\":0,\"ResultDescription\":\"Transaction Successful\",\"TransactionId\":\"2011563605\",\"securetoken\":\"2nD3Zq3bCu\",\"agentname\":\"MR,TEST\",\"agenttype\":\"MER\",\"agentLevel\":\"ADVMERCHANT\",\"LastLogin\":\"2025-07-03 18:30:29.0\",\"WalletBalance\":\"156392.76\",\"KickBack\":\"0.0\",\"udv1\":\"\",\"AuthCode\":\"\",\"AuthCodeStatus\":false,\"TelecoNumber\":\"\",\"BuinessCategory\":\"\",\"NeedToUpdateProfile\":false,\"RegistrationStatus\":0,\"TransactionTime\":null,\"BonusPoint\":null,\"DestinationNumberWalletBalance\":null,\"Comments\":null}","Msg":"Sucess"}
  When I send the login POST request                                        # stepDefinitions.Login_test_api.i_send_login_post_request()
  Then the response status code should be 200                               # stepDefinitions.Login_test_api.validate_status_code(int)
  And the ResultCode should be 0                                            # stepDefinitions.Login_test_api.validate_result_code(int)
  And the ResultDescription should be "Transaction Successful"              # stepDefinitions.Login_test_api.validate_result_description(java.lang.String)
Secure Token: 2nD3Zq3bCu
  And I save the securetoken for reuse                                      # stepDefinitions.Login_test_api.extract_secure_token()
]]></system-out>
    <system-err><![CDATA[SLF4J: Failed to load class "org.slf4j.impl.StaticLoggerBinder".
SLF4J: Defaulting to no-operation (NOP) logger implementation
SLF4J: See http://www.slf4j.org/codes.html#StaticLoggerBinder for further details.
]]></system-err>
  </testcase>
  <testcase name="runScenario[&quot;Invalid login with wrong mobile&quot;, &quot;Login API Scenarios&quot;](2)" classname="runners.TestRunner" time="0.238">
    <system-out><![CDATA[
Scenario: Invalid login with wrong mobile                                    # src/test/resources/features/api_test.feature:12
  Given I set the login API endpoint                                         # stepDefinitions.Login_test_api.i_set_the_login_api_endpoint()
  And I set request body with mobile "009597513468160" and password "123456" # stepDefinitions.Login_test_api.i_set_request_body(java.lang.String,java.lang.String)
Response:
{"Code":200,"Data":"{\"ResultCode\":9,\"ResultDescription\":\"Client Not Found\",\"TransactionId\":\"2011563606\",\"securetoken\":\"\",\"agentname\":\"\",\"agenttype\":\"\",\"agentLevel\":\"\",\"LastLogin\":\"\",\"WalletBalance\":\"\",\"KickBack\":\"\",\"udv1\":\"\",\"AuthCode\":\"\",\"AuthCodeStatus\":false,\"TelecoNumber\":\"\",\"BuinessCategory\":\"\",\"NeedToUpdateProfile\":false,\"RegistrationStatus\":0,\"TransactionTime\":null,\"BonusPoint\":null,\"DestinationNumberWalletBalance\":null,\"Comments\":null}","Msg":"Sucess"}
  When I send the login POST request                                         # stepDefinitions.Login_test_api.i_send_login_post_request()
  Then the response status code should be 200                                # stepDefinitions.Login_test_api.validate_status_code(int)
  And the ResultCode should be 9                                             # stepDefinitions.Login_test_api.validate_result_code(int)
  And the ResultDescription should be "Client Not Found"                     # stepDefinitions.Login_test_api.validate_result_description(java.lang.String)
]]></system-out>
  </testcase>
  <testcase name="runScenario[&quot;Invalid login with wrong password&quot;, &quot;Login API Scenarios&quot;](3)" classname="runners.TestRunner" time="0.244">
    <system-out><![CDATA[
Scenario: Invalid login with wrong password                                  # src/test/resources/features/api_test.feature:20
  Given I set the login API endpoint                                         # stepDefinitions.Login_test_api.i_set_the_login_api_endpoint()
  And I set request body with mobile "00959751346816" and password "1234567" # stepDefinitions.Login_test_api.i_set_request_body(java.lang.String,java.lang.String)
Response:
{"Code":200,"Data":"{\"ResultCode\":60,\"ResultDescription\":\"Invalid PIN\",\"TransactionId\":\"2011563607\",\"securetoken\":\"\",\"agentname\":\"\",\"agenttype\":\"\",\"agentLevel\":\"\",\"LastLogin\":\"\",\"WalletBalance\":\"\",\"KickBack\":\"\",\"udv1\":\"\",\"AuthCode\":\"\",\"AuthCodeStatus\":false,\"TelecoNumber\":\"\",\"BuinessCategory\":\"\",\"NeedToUpdateProfile\":false,\"RegistrationStatus\":0,\"TransactionTime\":null,\"BonusPoint\":null,\"DestinationNumberWalletBalance\":null,\"Comments\":null}","Msg":"Sucess"}
  When I send the login POST request                                         # stepDefinitions.Login_test_api.i_send_login_post_request()
  Then the response status code should be 200                                # stepDefinitions.Login_test_api.validate_status_code(int)
  And the ResultCode should be 60                                            # stepDefinitions.Login_test_api.validate_result_code(int)
  And the ResultDescription should be "Invalid PIN"                          # stepDefinitions.Login_test_api.validate_result_description(java.lang.String)
]]></system-out>
  </testcase>
</testsuite>